2025-11-16 05:55:22,241 - app - INFO - ================================================================================
2025-11-16 05:55:22,241 - app - INFO - VIDEO UPLOAD REQUEST
2025-11-16 05:55:22,241 - app - INFO - ================================================================================
2025-11-16 05:55:22,241 - app - INFO - Filename: HD-SDI 1080P Hi Definition Megapixel Security Camera @ Super Market Checkout Sample #1.mp4
2025-11-16 05:55:22,241 - app - INFO - Content type: video/mp4
2025-11-16 05:55:22,242 - app - INFO - Saving to: /tmp/tmpfn9eh78t/HD-SDI 1080P Hi Definition Megapixel Security Camera @ Super Market Checkout Sample #1.mp4
2025-11-16 05:55:22,260 - app - INFO - File size: 13.79 MB
2025-11-16 05:55:22,282 - app - INFO - Extracted first frame: (360, 640, 3)
2025-11-16 05:55:22,284 - app - INFO - Generated video ID: vid_1763272522284
2025-11-16 05:55:22,292 - app - INFO - Video metadata:
2025-11-16 05:55:22,293 - app - INFO -   - Resolution: 640x360
2025-11-16 05:55:22,293 - app - INFO -   - FPS: 15.00
2025-11-16 05:55:22,293 - app - INFO -   - Frames: 4485
2025-11-16 05:55:22,293 - app - INFO -   - Duration: 299.0s
2025-11-16 05:55:22,293 - app - INFO - ✅ Upload successful!
2025-11-16 05:55:22,293 - app - INFO - ================================================================================
2025-11-16 05:55:43,748 - app - INFO - ================================================================================
2025-11-16 05:55:43,748 - app - INFO - MULTI-ZONE ANALYSIS REQUEST
2025-11-16 05:55:43,749 - app - INFO - ================================================================================
2025-11-16 05:55:43,749 - app - INFO - Video ID: vid_1763272522284
2025-11-16 05:55:43,749 - app - INFO - Video path: /tmp/tmpfn9eh78t/HD-SDI 1080P Hi Definition Megapixel Security Camera @ Super Market Checkout Sample #1.mp4
2025-11-16 05:55:43,749 - app - INFO - Request parameters:
2025-11-16 05:55:43,749 - app - INFO -   - Number of zones: 1
2025-11-16 05:55:43,749 - app - INFO -   - Confidence threshold: 0.4
2025-11-16 05:55:43,749 - app - INFO -   - Min wait filter: 1.0s
2025-11-16 05:55:43,749 - app - INFO -   - Sample stride: 40
2025-11-16 05:55:43,749 - app - INFO -   - Zone 1: 'Zone 1' with 10 polygon points
2025-11-16 05:55:43,756 - app - INFO - Video metadata: fps=15.00, frames=4485, duration=299.0s
2025-11-16 05:55:43,756 - app - INFO - Starting multi-zone analysis on /tmp/tmpfn9eh78t/HD-SDI 1080P Hi Definition Megapixel Security Camera @ Super Market Checkout Sample #1.mp4
2025-11-16 05:55:43,756 - app - INFO - Video metadata: fps=15.00, frames=4485, duration=299.0s
2025-11-16 05:55:43,757 - app - INFO - Analyzing 1 zones: ['Zone 1']
2025-11-16 05:55:43,757 - app - INFO - Config: conf=0.4, sample_stride=40, min_wait_filter=1.0s
2025-11-16 05:55:43,757 - app - INFO - Prepared 1 polygon zones for analysis
2025-11-16 05:55:43,757 - app - INFO - Starting YOLO tracking...
2025-11-16 05:55:46,051 - app - INFO - Processing frame 68/4485 (1.5%)
2025-11-16 05:55:48,060 - app - INFO - Processing frame 208/4485 (4.6%)
2025-11-16 05:55:50,064 - app - INFO - Processing frame 342/4485 (7.6%)
2025-11-16 05:55:52,079 - app - INFO - Processing frame 481/4485 (10.7%)
2025-11-16 05:55:54,084 - app - INFO - Processing frame 622/4485 (13.9%)
2025-11-16 05:55:56,095 - app - INFO - Processing frame 769/4485 (17.1%)
2025-11-16 05:55:58,102 - app - INFO - Processing frame 916/4485 (20.4%)
2025-11-16 05:56:00,110 - app - INFO - Processing frame 1071/4485 (23.9%)
2025-11-16 05:56:02,113 - app - INFO - Processing frame 1226/4485 (27.3%)
2025-11-16 05:56:04,126 - app - INFO - Processing frame 1377/4485 (30.7%)
2025-11-16 05:56:06,131 - app - INFO - Processing frame 1530/4485 (34.1%)
2025-11-16 05:56:08,133 - app - INFO - Processing frame 1686/4485 (37.6%)
2025-11-16 05:56:10,136 - app - INFO - Processing frame 1843/4485 (41.1%)
2025-11-16 05:56:12,141 - app - INFO - Processing frame 1992/4485 (44.4%)
2025-11-16 05:56:14,143 - app - INFO - Processing frame 2140/4485 (47.7%)
2025-11-16 05:56:16,147 - app - INFO - Processing frame 2288/4485 (51.0%)
2025-11-16 05:56:18,148 - app - INFO - Processing frame 2436/4485 (54.3%)
2025-11-16 05:56:20,151 - app - INFO - Processing frame 2589/4485 (57.7%)
2025-11-16 05:56:22,160 - app - INFO - Processing frame 2746/4485 (61.2%)
2025-11-16 05:56:24,169 - app - INFO - Processing frame 2907/4485 (64.8%)
2025-11-16 05:56:26,174 - app - INFO - Processing frame 3071/4485 (68.5%)
2025-11-16 05:56:28,182 - app - INFO - Processing frame 3235/4485 (72.1%)
2025-11-16 05:56:30,184 - app - INFO - Processing frame 3398/4485 (75.8%)
2025-11-16 05:56:32,196 - app - INFO - Processing frame 3552/4485 (79.2%)
2025-11-16 05:56:34,201 - app - INFO - Processing frame 3711/4485 (82.7%)
2025-11-16 05:56:36,208 - app - INFO - Processing frame 3882/4485 (86.6%)
2025-11-16 05:56:38,210 - app - INFO - Processing frame 4050/4485 (90.3%)
2025-11-16 05:56:40,224 - app - INFO - Processing frame 4217/4485 (94.0%)
2025-11-16 05:56:42,229 - app - INFO - Processing frame 4370/4485 (97.4%)
2025-11-16 05:56:43,686 - app - INFO - Finished processing 4485 frames
2025-11-16 05:56:43,686 - app - INFO - Tracked 12 unique people globally
2025-11-16 05:56:43,686 - app - INFO - Global: 10 people with wait time >= 1.0s
2025-11-16 05:56:43,686 - app - INFO - Global wait times - avg: 18.03s, min: 4.73s, max: 57.80s
2025-11-16 05:56:43,686 - app - INFO - Global queue - avg length: 0.60, max: 3
2025-11-16 05:56:43,687 - app - INFO - Zone 'Zone 1': 12 tracked, 10 above threshold
2025-11-16 05:56:43,687 - app - INFO -   Wait times - avg: 18.03s, min: 4.73s, max: 57.80s
2025-11-16 05:56:43,687 - app - INFO -   Queue length - avg: 0.60, max: 3
2025-11-16 05:56:43,771 - app - INFO - Generated 100 annotated sample frames
2025-11-16 05:56:43,771 - app - INFO - Multi-zone analysis complete!
2025-11-16 05:56:43,771 - app - INFO - ✅ Analysis complete!
2025-11-16 05:56:43,771 - app - INFO - Generated 100 annotated frames
2025-11-16 05:56:43,771 - app - INFO - Analyzed 1 zones
2025-11-16 05:56:43,771 - app - INFO - Zone 'Zone 1' summary:
2025-11-16 05:56:43,771 - app - INFO -   Avg wait: 18.03s
2025-11-16 05:56:43,771 - app - INFO -   People measured: 10
2025-11-16 05:56:43,771 - app - INFO - ================================================================================
2025-11-16 06:00:10,814 - app - INFO - ================================================================================
2025-11-16 06:00:10,814 - app - INFO - VIDEO UPLOAD REQUEST
2025-11-16 06:00:10,814 - app - INFO - ================================================================================
2025-11-16 06:00:10,814 - app - INFO - Filename: HD-SDI 1080P Hi Definition Megapixel Security Camera @ Super Market Checkout Sample #1.mp4
2025-11-16 06:00:10,814 - app - INFO - Content type: video/mp4
2025-11-16 06:00:10,814 - app - INFO - Saving to: /tmp/tmpkbnd7hud/HD-SDI 1080P Hi Definition Megapixel Security Camera @ Super Market Checkout Sample #1.mp4
2025-11-16 06:00:10,831 - app - INFO - File size: 13.79 MB
2025-11-16 06:00:10,844 - app - INFO - Extracted first frame: (360, 640, 3)
2025-11-16 06:00:10,845 - app - INFO - Generated video ID: vid_1763272810845
2025-11-16 06:00:10,854 - app - INFO - Video metadata:
2025-11-16 06:00:10,854 - app - INFO -   - Resolution: 640x360
2025-11-16 06:00:10,854 - app - INFO -   - FPS: 15.00
2025-11-16 06:00:10,854 - app - INFO -   - Frames: 4485
2025-11-16 06:00:10,854 - app - INFO -   - Duration: 299.0s
2025-11-16 06:00:10,854 - app - INFO - ✅ Upload successful!
2025-11-16 06:00:10,854 - app - INFO - ================================================================================
2025-11-16 06:01:01,309 - app - INFO - ================================================================================
2025-11-16 06:01:01,309 - app - INFO - MULTI-ZONE ANALYSIS REQUEST
2025-11-16 06:01:01,309 - app - INFO - ================================================================================
2025-11-16 06:01:01,309 - app - INFO - Video ID: vid_1763272810845
2025-11-16 06:01:01,309 - app - INFO - Video path: /tmp/tmpkbnd7hud/HD-SDI 1080P Hi Definition Megapixel Security Camera @ Super Market Checkout Sample #1.mp4
2025-11-16 06:01:01,309 - app - INFO - Request parameters:
2025-11-16 06:01:01,309 - app - INFO -   - Number of zones: 3
2025-11-16 06:01:01,309 - app - INFO -   - Confidence threshold: 0.4
2025-11-16 06:01:01,309 - app - INFO -   - Min wait filter: 1.0s
2025-11-16 06:01:01,309 - app - INFO -   - Sample stride: 40
2025-11-16 06:01:01,309 - app - INFO -   - Zone 1: 'Zone 1' with 10 polygon points
2025-11-16 06:01:01,309 - app - INFO -   - Zone 2: 'Zone 2' with 9 polygon points
2025-11-16 06:01:01,309 - app - INFO -   - Zone 3: 'Zone 3' with 9 polygon points
2025-11-16 06:01:01,317 - app - INFO - Video metadata: fps=15.00, frames=4485, duration=299.0s
2025-11-16 06:01:01,317 - app - INFO - Starting multi-zone analysis on /tmp/tmpkbnd7hud/HD-SDI 1080P Hi Definition Megapixel Security Camera @ Super Market Checkout Sample #1.mp4
2025-11-16 06:01:01,317 - app - INFO - Video metadata: fps=15.00, frames=4485, duration=299.0s
2025-11-16 06:01:01,317 - app - INFO - Analyzing 3 zones: ['Zone 1', 'Zone 2', 'Zone 3']
2025-11-16 06:01:01,317 - app - INFO - Config: conf=0.4, sample_stride=40, min_wait_filter=1.0s
2025-11-16 06:01:01,317 - app - INFO - Prepared 3 polygon zones for analysis
2025-11-16 06:01:01,317 - app - INFO - Starting YOLO tracking...
2025-11-16 06:01:03,322 - app - INFO - Processing frame 152/4485 (3.4%)
2025-11-16 06:01:05,329 - app - INFO - Processing frame 309/4485 (6.9%)
2025-11-16 06:01:07,340 - app - INFO - Processing frame 461/4485 (10.3%)
2025-11-16 06:01:09,346 - app - INFO - Processing frame 619/4485 (13.8%)
2025-11-16 06:01:11,358 - app - INFO - Processing frame 777/4485 (17.3%)
2025-11-16 06:01:13,359 - app - INFO - Processing frame 937/4485 (20.9%)
2025-11-16 06:01:15,363 - app - INFO - Processing frame 1098/4485 (24.5%)
2025-11-16 06:01:17,375 - app - INFO - Processing frame 1257/4485 (28.0%)
2025-11-16 06:01:19,384 - app - INFO - Processing frame 1414/4485 (31.5%)
2025-11-16 06:01:21,391 - app - INFO - Processing frame 1567/4485 (34.9%)
2025-11-16 06:01:23,392 - app - INFO - Processing frame 1720/4485 (38.4%)
2025-11-16 06:01:25,405 - app - INFO - Processing frame 1873/4485 (41.8%)
2025-11-16 06:01:27,408 - app - INFO - Processing frame 2016/4485 (44.9%)
2025-11-16 06:01:29,420 - app - INFO - Processing frame 2165/4485 (48.3%)
2025-11-16 06:01:31,430 - app - INFO - Processing frame 2314/4485 (51.6%)
2025-11-16 06:01:33,434 - app - INFO - Processing frame 2465/4485 (55.0%)
2025-11-16 06:01:35,445 - app - INFO - Processing frame 2621/4485 (58.4%)
2025-11-16 06:01:37,447 - app - INFO - Processing frame 2777/4485 (61.9%)
2025-11-16 06:01:39,452 - app - INFO - Processing frame 2940/4485 (65.6%)
2025-11-16 06:01:41,462 - app - INFO - Processing frame 3105/4485 (69.2%)
2025-11-16 06:01:43,463 - app - INFO - Processing frame 3269/4485 (72.9%)
2025-11-16 06:01:45,468 - app - INFO - Processing frame 3432/4485 (76.5%)
2025-11-16 06:01:47,476 - app - INFO - Processing frame 3578/4485 (79.8%)
2025-11-16 06:01:49,477 - app - INFO - Processing frame 3737/4485 (83.3%)
2025-11-16 06:01:51,478 - app - INFO - Processing frame 3909/4485 (87.2%)
2025-11-16 06:01:53,488 - app - INFO - Processing frame 4083/4485 (91.0%)
2025-11-16 06:01:55,499 - app - INFO - Processing frame 4242/4485 (94.6%)
2025-11-16 06:01:57,507 - app - INFO - Processing frame 4398/4485 (98.1%)
2025-11-16 06:01:58,630 - app - INFO - Finished processing 4485 frames
2025-11-16 06:01:58,630 - app - INFO - Tracked 46 unique people globally
2025-11-16 06:01:58,630 - app - INFO - Global: 32 people with wait time >= 1.0s
2025-11-16 06:01:58,631 - app - INFO - Global wait times - avg: 14.28s, min: 1.07s, max: 68.60s
2025-11-16 06:01:58,631 - app - INFO - Global queue - avg length: 1.55, max: 5
2025-11-16 06:01:58,631 - app - INFO - Zone 'Zone 1': 12 tracked, 10 above threshold
2025-11-16 06:01:58,631 - app - INFO -   Wait times - avg: 18.25s, min: 4.80s, max: 57.80s
2025-11-16 06:01:58,631 - app - INFO -   Queue length - avg: 0.61, max: 3
2025-11-16 06:01:58,632 - app - INFO - Zone 'Zone 2': 31 tracked, 20 above threshold
2025-11-16 06:01:58,632 - app - INFO -   Wait times - avg: 13.40s, min: 1.07s, max: 68.60s
2025-11-16 06:01:58,632 - app - INFO -   Queue length - avg: 0.91, max: 3
2025-11-16 06:01:58,632 - app - INFO - Zone 'Zone 3': 3 tracked, 2 above threshold
2025-11-16 06:01:58,632 - app - INFO -   Wait times - avg: 3.20s, min: 1.40s, max: 5.00s
2025-11-16 06:01:58,632 - app - INFO -   Queue length - avg: 0.02, max: 1
2025-11-16 06:01:58,718 - app - INFO - Generated 100 annotated sample frames
2025-11-16 06:01:58,718 - app - INFO - Multi-zone analysis complete!
2025-11-16 06:01:58,718 - app - INFO - ✅ Analysis complete!
2025-11-16 06:01:58,718 - app - INFO - Generated 100 annotated frames
2025-11-16 06:01:58,718 - app - INFO - Analyzed 3 zones
2025-11-16 06:01:58,718 - app - INFO - Zone 'Zone 1' summary:
2025-11-16 06:01:58,718 - app - INFO -   Avg wait: 18.25s
2025-11-16 06:01:58,718 - app - INFO -   People measured: 10
2025-11-16 06:01:58,718 - app - INFO - Zone 'Zone 2' summary:
2025-11-16 06:01:58,718 - app - INFO -   Avg wait: 13.40s
2025-11-16 06:01:58,718 - app - INFO -   People measured: 20
2025-11-16 06:01:58,718 - app - INFO - Zone 'Zone 3' summary:
2025-11-16 06:01:58,718 - app - INFO -   Avg wait: 3.20s
2025-11-16 06:01:58,718 - app - INFO -   People measured: 2
2025-11-16 06:01:58,718 - app - INFO - ================================================================================
2025-11-16 06:11:17,443 - app - INFO - ================================================================================
2025-11-16 06:11:17,444 - app - INFO - VIDEO UPLOAD REQUEST
2025-11-16 06:11:17,444 - app - INFO - ================================================================================
2025-11-16 06:11:17,444 - app - INFO - Filename: HD-SDI 1080P Hi Definition Megapixel Security Camera @ Super Market Checkout Sample #1.mp4
2025-11-16 06:11:17,444 - app - INFO - Content type: video/mp4
2025-11-16 06:11:17,444 - app - INFO - Saving to: /tmp/tmpfnujirki/HD-SDI 1080P Hi Definition Megapixel Security Camera @ Super Market Checkout Sample #1.mp4
2025-11-16 06:11:17,458 - app - INFO - File size: 13.79 MB
2025-11-16 06:11:17,471 - app - INFO - Extracted first frame: (360, 640, 3)
2025-11-16 06:11:17,472 - app - INFO - Generated video ID: vid_1763273477472
2025-11-16 06:11:17,481 - app - INFO - Video metadata:
2025-11-16 06:11:17,481 - app - INFO -   - Resolution: 640x360
2025-11-16 06:11:17,481 - app - INFO -   - FPS: 15.00
2025-11-16 06:11:17,481 - app - INFO -   - Frames: 4485
2025-11-16 06:11:17,481 - app - INFO -   - Duration: 299.0s
2025-11-16 06:11:17,481 - app - INFO - ✅ Upload successful!
2025-11-16 06:11:17,481 - app - INFO - ================================================================================
2025-11-16 06:11:51,420 - app - INFO - ================================================================================
2025-11-16 06:11:51,420 - app - INFO - MULTI-ZONE ANALYSIS REQUEST
2025-11-16 06:11:51,420 - app - INFO - ================================================================================
2025-11-16 06:11:51,420 - app - INFO - Video ID: vid_1763273477472
2025-11-16 06:11:51,420 - app - INFO - Video path: /tmp/tmpfnujirki/HD-SDI 1080P Hi Definition Megapixel Security Camera @ Super Market Checkout Sample #1.mp4
2025-11-16 06:11:51,420 - app - INFO - Request parameters:
2025-11-16 06:11:51,420 - app - INFO -   - Number of zones: 3
2025-11-16 06:11:51,420 - app - INFO -   - Confidence threshold: 0.4
2025-11-16 06:11:51,420 - app - INFO -   - Min wait filter: 1.0s
2025-11-16 06:11:51,420 - app - INFO -   - Sample stride: 40
2025-11-16 06:11:51,420 - app - INFO -   - Zone 1: 'Zone 1' with 6 polygon points
2025-11-16 06:11:51,420 - app - INFO -   - Zone 2: 'Zone 2' with 4 polygon points
2025-11-16 06:11:51,420 - app - INFO -   - Zone 3: 'Zone 3' with 4 polygon points
2025-11-16 06:11:51,428 - app - INFO - Video metadata: fps=15.00, frames=4485, duration=299.0s
2025-11-16 06:11:51,428 - app - INFO - Starting multi-zone analysis on /tmp/tmpfnujirki/HD-SDI 1080P Hi Definition Megapixel Security Camera @ Super Market Checkout Sample #1.mp4
2025-11-16 06:11:51,429 - app - INFO - Video metadata: fps=15.00, frames=4485, duration=299.0s
2025-11-16 06:11:51,429 - app - INFO - Analyzing 3 zones: ['Zone 1', 'Zone 2', 'Zone 3']
2025-11-16 06:11:51,429 - app - INFO - Config: conf=0.4, sample_stride=40, min_wait_filter=1.0s
2025-11-16 06:11:51,429 - app - INFO - Prepared 3 polygon zones for analysis
2025-11-16 06:11:51,429 - app - INFO - Starting YOLO tracking...
2025-11-16 06:11:53,438 - app - INFO - Processing frame 152/4485 (3.4%)
2025-11-16 06:11:55,441 - app - INFO - Processing frame 310/4485 (6.9%)
2025-11-16 06:11:57,451 - app - INFO - Processing frame 463/4485 (10.3%)
2025-11-16 06:11:59,455 - app - INFO - Processing frame 622/4485 (13.9%)
2025-11-16 06:12:01,462 - app - INFO - Processing frame 781/4485 (17.4%)
2025-11-16 06:12:03,467 - app - INFO - Processing frame 942/4485 (21.0%)
2025-11-16 06:12:05,479 - app - INFO - Processing frame 1104/4485 (24.6%)
2025-11-16 06:12:07,488 - app - INFO - Processing frame 1263/4485 (28.2%)
2025-11-16 06:12:09,491 - app - INFO - Processing frame 1420/4485 (31.7%)
2025-11-16 06:12:11,496 - app - INFO - Processing frame 1576/4485 (35.1%)
2025-11-16 06:12:13,506 - app - INFO - Processing frame 1735/4485 (38.7%)
2025-11-16 06:12:15,519 - app - INFO - Processing frame 1892/4485 (42.2%)
2025-11-16 06:12:17,522 - app - INFO - Processing frame 2040/4485 (45.5%)
2025-11-16 06:12:19,525 - app - INFO - Processing frame 2191/4485 (48.9%)
2025-11-16 06:12:21,534 - app - INFO - Processing frame 2339/4485 (52.2%)
2025-11-16 06:12:23,539 - app - INFO - Processing frame 2490/4485 (55.5%)
2025-11-16 06:12:25,549 - app - INFO - Processing frame 2643/4485 (58.9%)
2025-11-16 06:12:27,558 - app - INFO - Processing frame 2797/4485 (62.4%)
2025-11-16 06:12:29,567 - app - INFO - Processing frame 2957/4485 (65.9%)
2025-11-16 06:12:31,577 - app - INFO - Processing frame 3114/4485 (69.4%)
2025-11-16 06:12:33,580 - app - INFO - Processing frame 3273/4485 (73.0%)
2025-11-16 06:12:35,590 - app - INFO - Processing frame 3432/4485 (76.5%)
2025-11-16 06:12:37,594 - app - INFO - Processing frame 3566/4485 (79.5%)
2025-11-16 06:12:39,605 - app - INFO - Processing frame 3716/4485 (82.9%)
2025-11-16 06:12:41,611 - app - INFO - Processing frame 3888/4485 (86.7%)
2025-11-16 06:12:43,621 - app - INFO - Processing frame 4061/4485 (90.5%)
2025-11-16 06:12:45,632 - app - INFO - Processing frame 4223/4485 (94.2%)
2025-11-16 06:12:47,637 - app - INFO - Processing frame 4373/4485 (97.5%)
2025-11-16 06:12:49,078 - app - INFO - Finished processing 4485 frames
2025-11-16 06:12:49,078 - app - INFO - Tracked 43 unique people globally
2025-11-16 06:12:49,078 - app - INFO - Global: 31 people with wait time >= 1.0s
2025-11-16 06:12:49,078 - app - INFO - Global wait times - avg: 14.02s, min: 1.07s, max: 67.13s
2025-11-16 06:12:49,079 - app - INFO - Global queue - avg length: 1.47, max: 5
2025-11-16 06:12:49,079 - app - INFO - Zone 'Zone 1': 12 tracked, 10 above threshold
2025-11-16 06:12:49,079 - app - INFO -   Wait times - avg: 17.09s, min: 2.40s, max: 55.47s
2025-11-16 06:12:49,079 - app - INFO -   Queue length - avg: 0.57, max: 3
2025-11-16 06:12:49,079 - app - INFO - Zone 'Zone 2': 3 tracked, 2 above threshold
2025-11-16 06:12:49,079 - app - INFO -   Wait times - avg: 2.23s, min: 1.07s, max: 3.40s
2025-11-16 06:12:49,080 - app - INFO -   Queue length - avg: 0.02, max: 1
2025-11-16 06:12:49,080 - app - INFO - Zone 'Zone 3': 28 tracked, 19 above threshold
2025-11-16 06:12:49,080 - app - INFO -   Wait times - avg: 13.64s, min: 1.07s, max: 67.13s
2025-11-16 06:12:49,080 - app - INFO -   Queue length - avg: 0.88, max: 3
2025-11-16 06:12:49,165 - app - INFO - Generated 100 annotated sample frames
2025-11-16 06:12:49,165 - app - INFO - Multi-zone analysis complete!
2025-11-16 06:12:49,165 - app - INFO - ✅ Analysis complete!
2025-11-16 06:12:49,165 - app - INFO - Generated 100 annotated frames
2025-11-16 06:12:49,165 - app - INFO - Analyzed 3 zones
2025-11-16 06:12:49,165 - app - INFO - Zone 'Zone 1' summary:
2025-11-16 06:12:49,165 - app - INFO -   Avg wait: 17.09s
2025-11-16 06:12:49,165 - app - INFO -   People measured: 10
2025-11-16 06:12:49,166 - app - INFO - Zone 'Zone 2' summary:
2025-11-16 06:12:49,166 - app - INFO -   Avg wait: 2.23s
2025-11-16 06:12:49,166 - app - INFO -   People measured: 2
2025-11-16 06:12:49,166 - app - INFO - Zone 'Zone 3' summary:
2025-11-16 06:12:49,166 - app - INFO -   Avg wait: 13.64s
2025-11-16 06:12:49,166 - app - INFO -   People measured: 19
2025-11-16 06:12:49,166 - app - INFO - ================================================================================
2025-11-16 06:14:50,000 - app - INFO - ================================================================================
2025-11-16 06:14:50,000 - app - INFO - VIDEO UPLOAD REQUEST
2025-11-16 06:14:50,000 - app - INFO - ================================================================================
2025-11-16 06:14:50,000 - app - INFO - Filename: HD-SDI 1080P Hi Definition Megapixel Security Camera @ Super Market Checkout Sample #1.mp4
2025-11-16 06:14:50,000 - app - INFO - Content type: video/mp4
2025-11-16 06:14:50,000 - app - INFO - Saving to: /tmp/tmpirsiucgq/HD-SDI 1080P Hi Definition Megapixel Security Camera @ Super Market Checkout Sample #1.mp4
2025-11-16 06:14:50,013 - app - INFO - File size: 13.79 MB
2025-11-16 06:14:50,026 - app - INFO - Extracted first frame: (360, 640, 3)
2025-11-16 06:14:50,027 - app - INFO - Generated video ID: vid_1763273690027
2025-11-16 06:14:50,034 - app - INFO - Video metadata:
2025-11-16 06:14:50,034 - app - INFO -   - Resolution: 640x360
2025-11-16 06:14:50,034 - app - INFO -   - FPS: 15.00
2025-11-16 06:14:50,034 - app - INFO -   - Frames: 4485
2025-11-16 06:14:50,034 - app - INFO -   - Duration: 299.0s
2025-11-16 06:14:50,035 - app - INFO - ✅ Upload successful!
2025-11-16 06:14:50,035 - app - INFO - ================================================================================
2025-11-16 06:15:54,072 - app - INFO - ================================================================================
2025-11-16 06:15:54,072 - app - INFO - MULTI-ZONE ANALYSIS REQUEST
2025-11-16 06:15:54,072 - app - INFO - ================================================================================
2025-11-16 06:15:54,072 - app - INFO - Video ID: vid_1763273690027
2025-11-16 06:15:54,072 - app - INFO - Video path: /tmp/tmpirsiucgq/HD-SDI 1080P Hi Definition Megapixel Security Camera @ Super Market Checkout Sample #1.mp4
2025-11-16 06:15:54,072 - app - INFO - Request parameters:
2025-11-16 06:15:54,072 - app - INFO -   - Number of zones: 3
2025-11-16 06:15:54,072 - app - INFO -   - Confidence threshold: 0.4
2025-11-16 06:15:54,072 - app - INFO -   - Min wait filter: 1.0s
2025-11-16 06:15:54,072 - app - INFO -   - Sample stride: 40
2025-11-16 06:15:54,072 - app - INFO -   - Zone 1: 'Zone 1' with 5 polygon points
2025-11-16 06:15:54,072 - app - INFO -   - Zone 2: 'Zone 2' with 6 polygon points
2025-11-16 06:15:54,072 - app - INFO -   - Zone 3: 'Zone 3' with 5 polygon points
2025-11-16 06:15:54,080 - app - INFO - Video metadata: fps=15.00, frames=4485, duration=299.0s
2025-11-16 06:15:54,080 - app - INFO - Starting multi-zone analysis on /tmp/tmpirsiucgq/HD-SDI 1080P Hi Definition Megapixel Security Camera @ Super Market Checkout Sample #1.mp4
2025-11-16 06:15:54,080 - app - INFO - Video metadata: fps=15.00, frames=4485, duration=299.0s
2025-11-16 06:15:54,080 - app - INFO - Analyzing 3 zones: ['Zone 1', 'Zone 2', 'Zone 3']
2025-11-16 06:15:54,081 - app - INFO - Config: conf=0.4, sample_stride=40, min_wait_filter=1.0s
2025-11-16 06:15:54,081 - app - INFO - Prepared 3 polygon zones for analysis
2025-11-16 06:15:54,081 - app - INFO - Starting YOLO tracking...
2025-11-16 06:15:56,082 - app - INFO - Processing frame 130/4485 (2.9%)
2025-11-16 06:15:58,083 - app - INFO - Processing frame 266/4485 (5.9%)
2025-11-16 06:16:00,097 - app - INFO - Processing frame 400/4485 (8.9%)
2025-11-16 06:16:02,104 - app - INFO - Processing frame 537/4485 (12.0%)
2025-11-16 06:16:04,111 - app - INFO - Processing frame 678/4485 (15.1%)
2025-11-16 06:16:06,124 - app - INFO - Processing frame 817/4485 (18.2%)
2025-11-16 06:16:08,126 - app - INFO - Processing frame 960/4485 (21.4%)
2025-11-16 06:16:10,129 - app - INFO - Processing frame 1102/4485 (24.6%)
2025-11-16 06:16:12,132 - app - INFO - Processing frame 1236/4485 (27.6%)
2025-11-16 06:16:14,139 - app - INFO - Processing frame 1384/4485 (30.9%)
2025-11-16 06:16:16,143 - app - INFO - Processing frame 1525/4485 (34.0%)
2025-11-16 06:16:18,145 - app - INFO - Processing frame 1659/4485 (37.0%)
2025-11-16 06:16:20,151 - app - INFO - Processing frame 1794/4485 (40.0%)
2025-11-16 06:16:22,155 - app - INFO - Processing frame 1926/4485 (42.9%)
2025-11-16 06:16:24,160 - app - INFO - Processing frame 2067/4485 (46.1%)
2025-11-16 06:16:26,161 - app - INFO - Processing frame 2213/4485 (49.3%)
2025-11-16 06:16:28,165 - app - INFO - Processing frame 2358/4485 (52.6%)
2025-11-16 06:16:30,166 - app - INFO - Processing frame 2506/4485 (55.9%)
2025-11-16 06:16:32,167 - app - INFO - Processing frame 2651/4485 (59.1%)
2025-11-16 06:16:34,174 - app - INFO - Processing frame 2802/4485 (62.5%)
2025-11-16 06:16:36,175 - app - INFO - Processing frame 2961/4485 (66.0%)
2025-11-16 06:16:38,183 - app - INFO - Processing frame 3122/4485 (69.6%)
2025-11-16 06:16:40,187 - app - INFO - Processing frame 3279/4485 (73.1%)
2025-11-16 06:16:42,193 - app - INFO - Processing frame 3437/4485 (76.6%)
2025-11-16 06:16:44,200 - app - INFO - Processing frame 3584/4485 (79.9%)
2025-11-16 06:16:46,210 - app - INFO - Processing frame 3747/4485 (83.5%)
2025-11-16 06:16:48,219 - app - INFO - Processing frame 3923/4485 (87.5%)
2025-11-16 06:16:50,225 - app - INFO - Processing frame 4097/4485 (91.3%)
2025-11-16 06:16:52,227 - app - INFO - Processing frame 4257/4485 (94.9%)
2025-11-16 06:16:54,232 - app - INFO - Processing frame 4412/4485 (98.4%)
2025-11-16 06:16:55,155 - app - INFO - Finished processing 4485 frames
2025-11-16 06:16:55,155 - app - INFO - Tracked 44 unique people globally
2025-11-16 06:16:55,155 - app - INFO - Global: 31 people with wait time >= 1.0s
2025-11-16 06:16:55,155 - app - INFO - Global wait times - avg: 13.99s, min: 1.07s, max: 65.67s
2025-11-16 06:16:55,155 - app - INFO - Global queue - avg length: 1.46, max: 5
2025-11-16 06:16:55,155 - app - INFO - Zone 'Zone 1': 12 tracked, 10 above threshold
2025-11-16 06:16:55,155 - app - INFO -   Wait times - avg: 17.27s, min: 2.33s, max: 55.40s
2025-11-16 06:16:55,156 - app - INFO -   Queue length - avg: 0.58, max: 3
2025-11-16 06:16:55,156 - app - INFO - Zone 'Zone 2': 3 tracked, 2 above threshold
2025-11-16 06:16:55,156 - app - INFO -   Wait times - avg: 2.07s, min: 1.07s, max: 3.07s
2025-11-16 06:16:55,156 - app - INFO -   Queue length - avg: 0.02, max: 1
2025-11-16 06:16:55,157 - app - INFO - Zone 'Zone 3': 29 tracked, 19 above threshold
2025-11-16 06:16:55,157 - app - INFO -   Wait times - avg: 13.51s, min: 1.07s, max: 65.67s
2025-11-16 06:16:55,157 - app - INFO -   Queue length - avg: 0.87, max: 3
2025-11-16 06:16:55,241 - app - INFO - Generated 100 annotated sample frames
2025-11-16 06:16:55,241 - app - INFO - Multi-zone analysis complete!
2025-11-16 06:16:55,241 - app - INFO - ✅ Analysis complete!
2025-11-16 06:16:55,241 - app - INFO - Generated 100 annotated frames
2025-11-16 06:16:55,241 - app - INFO - Analyzed 3 zones
2025-11-16 06:16:55,241 - app - INFO - Zone 'Zone 1' summary:
2025-11-16 06:16:55,241 - app - INFO -   Avg wait: 17.27s
2025-11-16 06:16:55,241 - app - INFO -   People measured: 10
2025-11-16 06:16:55,241 - app - INFO - Zone 'Zone 2' summary:
2025-11-16 06:16:55,242 - app - INFO -   Avg wait: 2.07s
2025-11-16 06:16:55,242 - app - INFO -   People measured: 2
2025-11-16 06:16:55,242 - app - INFO - Zone 'Zone 3' summary:
2025-11-16 06:16:55,242 - app - INFO -   Avg wait: 13.51s
2025-11-16 06:16:55,242 - app - INFO -   People measured: 19
2025-11-16 06:16:55,242 - app - INFO - ================================================================================
2025-11-16 06:21:12,147 - app - INFO - ================================================================================
2025-11-16 06:21:12,147 - app - INFO - VIDEO UPLOAD REQUEST
2025-11-16 06:21:12,147 - app - INFO - ================================================================================
2025-11-16 06:21:12,147 - app - INFO - Filename: HD-SDI 1080P Hi Definition Megapixel Security Camera @ Super Market Checkout Sample #1.mp4
2025-11-16 06:21:12,147 - app - INFO - Content type: video/mp4
2025-11-16 06:21:12,147 - app - INFO - Saving to: /tmp/tmpqshk0al3/HD-SDI 1080P Hi Definition Megapixel Security Camera @ Super Market Checkout Sample #1.mp4
2025-11-16 06:21:12,160 - app - INFO - File size: 13.79 MB
2025-11-16 06:21:12,175 - app - INFO - Extracted first frame: (360, 640, 3)
2025-11-16 06:21:12,176 - app - INFO - Generated video ID: vid_1763274072176
2025-11-16 06:21:12,183 - app - INFO - Video metadata:
2025-11-16 06:21:12,183 - app - INFO -   - Resolution: 640x360
2025-11-16 06:21:12,183 - app - INFO -   - FPS: 15.00
2025-11-16 06:21:12,183 - app - INFO -   - Frames: 4485
2025-11-16 06:21:12,183 - app - INFO -   - Duration: 299.0s
2025-11-16 06:21:12,183 - app - INFO - ✅ Upload successful!
2025-11-16 06:21:12,183 - app - INFO - ================================================================================
2025-11-16 06:22:06,409 - app - INFO - ================================================================================
2025-11-16 06:22:06,409 - app - INFO - MULTI-ZONE ANALYSIS REQUEST
2025-11-16 06:22:06,409 - app - INFO - ================================================================================
2025-11-16 06:22:06,409 - app - INFO - Video ID: vid_1763274072176
2025-11-16 06:22:06,409 - app - INFO - Video path: /tmp/tmpqshk0al3/HD-SDI 1080P Hi Definition Megapixel Security Camera @ Super Market Checkout Sample #1.mp4
2025-11-16 06:22:06,409 - app - INFO - Request parameters:
2025-11-16 06:22:06,409 - app - INFO -   - Number of zones: 3
2025-11-16 06:22:06,409 - app - INFO -   - Confidence threshold: 0.4
2025-11-16 06:22:06,409 - app - INFO -   - Min wait filter: 1.0s
2025-11-16 06:22:06,409 - app - INFO -   - Sample stride: 40
2025-11-16 06:22:06,409 - app - INFO -   - Zone 1: 'Zone 1' with 12 polygon points
2025-11-16 06:22:06,409 - app - INFO -   - Zone 2: 'Zone 2' with 8 polygon points
2025-11-16 06:22:06,409 - app - INFO -   - Zone 3: 'Zone 3' with 7 polygon points
2025-11-16 06:22:06,417 - app - INFO - Video metadata: fps=15.00, frames=4485, duration=299.0s
2025-11-16 06:22:06,417 - app - INFO - Starting multi-zone analysis on /tmp/tmpqshk0al3/HD-SDI 1080P Hi Definition Megapixel Security Camera @ Super Market Checkout Sample #1.mp4
2025-11-16 06:22:06,417 - app - INFO - Video metadata: fps=15.00, frames=4485, duration=299.0s
2025-11-16 06:22:06,417 - app - INFO - Analyzing 3 zones: ['Zone 1', 'Zone 2', 'Zone 3']
2025-11-16 06:22:06,417 - app - INFO - Config: conf=0.4, sample_stride=40, min_wait_filter=1.0s
2025-11-16 06:22:06,417 - app - INFO - Prepared 3 polygon zones for analysis
2025-11-16 06:22:06,417 - app - INFO - Starting YOLO tracking...
2025-11-16 06:22:08,426 - app - INFO - Processing frame 134/4485 (3.0%)
2025-11-16 06:22:10,430 - app - INFO - Processing frame 268/4485 (6.0%)
2025-11-16 06:22:12,442 - app - INFO - Processing frame 412/4485 (9.2%)
2025-11-16 06:22:14,445 - app - INFO - Processing frame 560/4485 (12.5%)
2025-11-16 06:22:16,446 - app - INFO - Processing frame 710/4485 (15.8%)
2025-11-16 06:22:18,456 - app - INFO - Processing frame 865/4485 (19.3%)
2025-11-16 06:22:20,467 - app - INFO - Processing frame 1018/4485 (22.7%)
2025-11-16 06:22:22,473 - app - INFO - Processing frame 1167/4485 (26.0%)
2025-11-16 06:22:24,481 - app - INFO - Processing frame 1318/4485 (29.4%)
2025-11-16 06:22:26,485 - app - INFO - Processing frame 1466/4485 (32.7%)
2025-11-16 06:22:28,490 - app - INFO - Processing frame 1613/4485 (36.0%)
2025-11-16 06:22:30,497 - app - INFO - Processing frame 1766/4485 (39.4%)
2025-11-16 06:22:32,501 - app - INFO - Processing frame 1919/4485 (42.8%)
2025-11-16 06:22:34,505 - app - INFO - Processing frame 2065/4485 (46.0%)
2025-11-16 06:22:36,518 - app - INFO - Processing frame 2215/4485 (49.4%)
2025-11-16 06:22:38,528 - app - INFO - Processing frame 2361/4485 (52.6%)
2025-11-16 06:22:40,535 - app - INFO - Processing frame 2510/4485 (56.0%)
2025-11-16 06:22:42,535 - app - INFO - Processing frame 2666/4485 (59.4%)
2025-11-16 06:22:44,541 - app - INFO - Processing frame 2821/4485 (62.9%)
2025-11-16 06:22:46,543 - app - INFO - Processing frame 2983/4485 (66.5%)
2025-11-16 06:22:48,547 - app - INFO - Processing frame 3146/4485 (70.1%)
2025-11-16 06:22:50,555 - app - INFO - Processing frame 3307/4485 (73.7%)
2025-11-16 06:22:52,563 - app - INFO - Processing frame 3467/4485 (77.3%)
2025-11-16 06:22:54,568 - app - INFO - Processing frame 3618/4485 (80.7%)
2025-11-16 06:22:56,578 - app - INFO - Processing frame 3787/4485 (84.4%)
2025-11-16 06:22:58,583 - app - INFO - Processing frame 3965/4485 (88.4%)
2025-11-16 06:23:00,584 - app - INFO - Processing frame 4138/4485 (92.3%)
2025-11-16 06:23:02,588 - app - INFO - Processing frame 4294/4485 (95.7%)
2025-11-16 06:23:04,593 - app - INFO - Processing frame 4449/4485 (99.2%)
2025-11-16 06:23:05,049 - app - INFO - Finished processing 4485 frames
2025-11-16 06:23:05,049 - app - INFO - Tracked 45 unique people globally
2025-11-16 06:23:05,049 - app - INFO - Global: 31 people with wait time >= 1.0s
2025-11-16 06:23:05,049 - app - INFO - Global wait times - avg: 14.46s, min: 1.07s, max: 67.07s
2025-11-16 06:23:05,049 - app - INFO - Global queue - avg length: 1.52, max: 5
2025-11-16 06:23:05,050 - app - INFO - Zone 'Zone 1': 3 tracked, 2 above threshold
2025-11-16 06:23:05,050 - app - INFO -   Wait times - avg: 2.40s, min: 1.27s, max: 3.53s
2025-11-16 06:23:05,050 - app - INFO -   Queue length - avg: 0.02, max: 1
2025-11-16 06:23:05,050 - app - INFO - Zone 'Zone 2': 12 tracked, 10 above threshold
2025-11-16 06:23:05,050 - app - INFO -   Wait times - avg: 17.94s, min: 4.07s, max: 57.27s
2025-11-16 06:23:05,050 - app - INFO -   Queue length - avg: 0.60, max: 3
2025-11-16 06:23:05,051 - app - INFO - Zone 'Zone 3': 30 tracked, 19 above threshold
2025-11-16 06:23:05,051 - app - INFO -   Wait times - avg: 13.89s, min: 1.07s, max: 67.07s
2025-11-16 06:23:05,051 - app - INFO -   Queue length - avg: 0.90, max: 3
2025-11-16 06:23:05,137 - app - INFO - Generated 100 annotated sample frames
2025-11-16 06:23:05,137 - app - INFO - Multi-zone analysis complete!
2025-11-16 06:23:05,137 - app - INFO - ✅ Analysis complete!
2025-11-16 06:23:05,137 - app - INFO - Generated 100 annotated frames
2025-11-16 06:23:05,137 - app - INFO - Analyzed 3 zones
2025-11-16 06:23:05,137 - app - INFO - Zone 'Zone 1' summary:
2025-11-16 06:23:05,137 - app - INFO -   Avg wait: 2.40s
2025-11-16 06:23:05,137 - app - INFO -   People measured: 2
2025-11-16 06:23:05,137 - app - INFO - Zone 'Zone 2' summary:
2025-11-16 06:23:05,137 - app - INFO -   Avg wait: 17.94s
2025-11-16 06:23:05,137 - app - INFO -   People measured: 10
2025-11-16 06:23:05,137 - app - INFO - Zone 'Zone 3' summary:
2025-11-16 06:23:05,137 - app - INFO -   Avg wait: 13.89s
2025-11-16 06:23:05,137 - app - INFO -   People measured: 19
2025-11-16 06:23:05,137 - app - INFO - ================================================================================
2025-11-16 06:26:08,798 - app - INFO - ================================================================================
2025-11-16 06:26:08,798 - app - INFO - VIDEO UPLOAD REQUEST
2025-11-16 06:26:08,798 - app - INFO - ================================================================================
2025-11-16 06:26:08,798 - app - INFO - Filename: HD-SDI 1080P Hi Definition Megapixel Security Camera @ Super Market Checkout Sample #1.mp4
2025-11-16 06:26:08,798 - app - INFO - Content type: video/mp4
2025-11-16 06:26:08,799 - app - INFO - Saving to: /tmp/tmpc1s136qu/HD-SDI 1080P Hi Definition Megapixel Security Camera @ Super Market Checkout Sample #1.mp4
2025-11-16 06:26:08,813 - app - INFO - File size: 13.79 MB
2025-11-16 06:26:08,826 - app - INFO - Extracted first frame: (360, 640, 3)
2025-11-16 06:26:08,827 - app - INFO - Generated video ID: vid_1763274368827
2025-11-16 06:26:08,836 - app - INFO - Video metadata:
2025-11-16 06:26:08,836 - app - INFO -   - Resolution: 640x360
2025-11-16 06:26:08,836 - app - INFO -   - FPS: 15.00
2025-11-16 06:26:08,836 - app - INFO -   - Frames: 4485
2025-11-16 06:26:08,837 - app - INFO -   - Duration: 299.0s
2025-11-16 06:26:08,837 - app - INFO - ✅ Upload successful!
2025-11-16 06:26:08,837 - app - INFO - ================================================================================
2025-11-16 06:26:51,417 - app - INFO - ================================================================================
2025-11-16 06:26:51,417 - app - INFO - MULTI-ZONE ANALYSIS REQUEST
2025-11-16 06:26:51,417 - app - INFO - ================================================================================
2025-11-16 06:26:51,417 - app - INFO - Video ID: vid_1763274368827
2025-11-16 06:26:51,417 - app - INFO - Video path: /tmp/tmpc1s136qu/HD-SDI 1080P Hi Definition Megapixel Security Camera @ Super Market Checkout Sample #1.mp4
2025-11-16 06:26:51,417 - app - INFO - Request parameters:
2025-11-16 06:26:51,417 - app - INFO -   - Number of zones: 3
2025-11-16 06:26:51,417 - app - INFO -   - Confidence threshold: 0.4
2025-11-16 06:26:51,417 - app - INFO -   - Min wait filter: 1.0s
2025-11-16 06:26:51,417 - app - INFO -   - Sample stride: 40
2025-11-16 06:26:51,417 - app - INFO -   - Zone 1: 'Zone 1' with 10 polygon points
2025-11-16 06:26:51,417 - app - INFO -   - Zone 2: 'Zone 2' with 7 polygon points
2025-11-16 06:26:51,417 - app - INFO -   - Zone 3: 'Zone 3' with 6 polygon points
2025-11-16 06:26:51,425 - app - INFO - Video metadata: fps=15.00, frames=4485, duration=299.0s
2025-11-16 06:26:51,425 - app - INFO - Starting multi-zone analysis on /tmp/tmpc1s136qu/HD-SDI 1080P Hi Definition Megapixel Security Camera @ Super Market Checkout Sample #1.mp4
2025-11-16 06:26:51,425 - app - INFO - Video metadata: fps=15.00, frames=4485, duration=299.0s
2025-11-16 06:26:51,425 - app - INFO - Analyzing 3 zones: ['Zone 1', 'Zone 2', 'Zone 3']
2025-11-16 06:26:51,425 - app - INFO - Config: conf=0.4, sample_stride=40, min_wait_filter=1.0s
2025-11-16 06:26:51,425 - app - INFO - Prepared 3 polygon zones for analysis
2025-11-16 06:26:51,425 - app - INFO - Starting YOLO tracking...
2025-11-16 06:26:53,429 - app - INFO - Processing frame 144/4485 (3.2%)
2025-11-16 06:26:55,442 - app - INFO - Processing frame 294/4485 (6.6%)
2025-11-16 06:26:57,453 - app - INFO - Processing frame 427/4485 (9.5%)
2025-11-16 06:26:59,463 - app - INFO - Processing frame 560/4485 (12.5%)
2025-11-16 06:27:01,464 - app - INFO - Processing frame 698/4485 (15.6%)
2025-11-16 06:27:03,478 - app - INFO - Processing frame 831/4485 (18.5%)
2025-11-16 06:27:05,491 - app - INFO - Processing frame 966/4485 (21.5%)
2025-11-16 06:27:07,492 - app - INFO - Processing frame 1101/4485 (24.5%)
2025-11-16 06:27:09,498 - app - INFO - Processing frame 1241/4485 (27.7%)
2025-11-16 06:27:11,500 - app - INFO - Processing frame 1380/4485 (30.8%)
2025-11-16 06:27:13,512 - app - INFO - Processing frame 1515/4485 (33.8%)
2025-11-16 06:27:15,514 - app - INFO - Processing frame 1648/4485 (36.7%)
2025-11-16 06:27:17,525 - app - INFO - Processing frame 1783/4485 (39.8%)
2025-11-16 06:27:19,526 - app - INFO - Processing frame 1919/4485 (42.8%)
2025-11-16 06:27:21,528 - app - INFO - Processing frame 2050/4485 (45.7%)
2025-11-16 06:27:23,533 - app - INFO - Processing frame 2188/4485 (48.8%)
2025-11-16 06:27:25,547 - app - INFO - Processing frame 2318/4485 (51.7%)
2025-11-16 06:27:27,560 - app - INFO - Processing frame 2444/4485 (54.5%)
2025-11-16 06:27:29,563 - app - INFO - Processing frame 2583/4485 (57.6%)
2025-11-16 06:27:31,576 - app - INFO - Processing frame 2736/4485 (61.0%)
2025-11-16 06:27:33,577 - app - INFO - Processing frame 2890/4485 (64.4%)
2025-11-16 06:27:35,579 - app - INFO - Processing frame 3048/4485 (68.0%)
2025-11-16 06:27:37,586 - app - INFO - Processing frame 3205/4485 (71.5%)
2025-11-16 06:27:39,586 - app - INFO - Processing frame 3360/4485 (74.9%)
2025-11-16 06:27:41,596 - app - INFO - Processing frame 3510/4485 (78.3%)
2025-11-16 06:27:43,606 - app - INFO - Processing frame 3655/4485 (81.5%)
2025-11-16 06:27:45,607 - app - INFO - Processing frame 3815/4485 (85.1%)
2025-11-16 06:27:47,616 - app - INFO - Processing frame 3984/4485 (88.8%)
2025-11-16 06:27:49,621 - app - INFO - Processing frame 4150/4485 (92.5%)
2025-11-16 06:27:51,625 - app - INFO - Processing frame 4300/4485 (95.9%)
2025-11-16 06:27:53,637 - app - INFO - Processing frame 4450/4485 (99.2%)
2025-11-16 06:27:54,100 - app - INFO - Finished processing 4485 frames
2025-11-16 06:27:54,101 - app - INFO - Tracked 44 unique people globally
2025-11-16 06:27:54,101 - app - INFO - Global: 31 people with wait time >= 1.0s
2025-11-16 06:27:54,101 - app - INFO - Global wait times - avg: 14.07s, min: 1.07s, max: 67.13s
2025-11-16 06:27:54,101 - app - INFO - Global queue - avg length: 1.47, max: 5
2025-11-16 06:27:54,101 - app - INFO - Zone 'Zone 1': 3 tracked, 2 above threshold
2025-11-16 06:27:54,101 - app - INFO -   Wait times - avg: 1.87s, min: 1.27s, max: 2.47s
2025-11-16 06:27:54,101 - app - INFO -   Queue length - avg: 0.02, max: 1
2025-11-16 06:27:54,102 - app - INFO - Zone 'Zone 2': 12 tracked, 10 above threshold
2025-11-16 06:27:54,102 - app - INFO -   Wait times - avg: 17.29s, min: 2.20s, max: 55.40s
2025-11-16 06:27:54,102 - app - INFO -   Queue length - avg: 0.58, max: 3
2025-11-16 06:27:54,102 - app - INFO - Zone 'Zone 3': 29 tracked, 19 above threshold
2025-11-16 06:27:54,102 - app - INFO -   Wait times - avg: 13.66s, min: 1.07s, max: 67.13s
2025-11-16 06:27:54,103 - app - INFO -   Queue length - avg: 0.88, max: 3
2025-11-16 06:27:54,188 - app - INFO - Generated 100 annotated sample frames
2025-11-16 06:27:54,189 - app - INFO - Multi-zone analysis complete!
2025-11-16 06:27:54,189 - app - INFO - ✅ Analysis complete!
2025-11-16 06:27:54,189 - app - INFO - Generated 100 annotated frames
2025-11-16 06:27:54,189 - app - INFO - Analyzed 3 zones
2025-11-16 06:27:54,189 - app - INFO - Zone 'Zone 1' summary:
2025-11-16 06:27:54,189 - app - INFO -   Avg wait: 1.87s
2025-11-16 06:27:54,189 - app - INFO -   People measured: 2
2025-11-16 06:27:54,189 - app - INFO - Zone 'Zone 2' summary:
2025-11-16 06:27:54,189 - app - INFO -   Avg wait: 17.29s
2025-11-16 06:27:54,189 - app - INFO -   People measured: 10
2025-11-16 06:27:54,189 - app - INFO - Zone 'Zone 3' summary:
2025-11-16 06:27:54,189 - app - INFO -   Avg wait: 13.66s
2025-11-16 06:27:54,189 - app - INFO -   People measured: 19
2025-11-16 06:27:54,189 - app - INFO - ================================================================================
2025-11-16 06:40:13,859 - app - INFO - ================================================================================
2025-11-16 06:40:13,859 - app - INFO - VIDEO UPLOAD REQUEST
2025-11-16 06:40:13,859 - app - INFO - ================================================================================
2025-11-16 06:40:13,859 - app - INFO - Filename: HD-SDI 1080P Hi Definition Megapixel Security Camera @ Super Market Checkout Sample #1.mp4
2025-11-16 06:40:13,859 - app - INFO - Content type: video/mp4
2025-11-16 06:40:13,859 - app - INFO - Saving to: /tmp/tmpjuvknx2h/HD-SDI 1080P Hi Definition Megapixel Security Camera @ Super Market Checkout Sample #1.mp4
2025-11-16 06:40:13,873 - app - INFO - File size: 13.79 MB
2025-11-16 06:40:13,887 - app - INFO - Extracted first frame: (360, 640, 3)
2025-11-16 06:40:13,888 - app - INFO - Generated video ID: vid_1763275213888
2025-11-16 06:40:13,897 - app - INFO - Video metadata:
2025-11-16 06:40:13,897 - app - INFO -   - Resolution: 640x360
2025-11-16 06:40:13,897 - app - INFO -   - FPS: 15.00
2025-11-16 06:40:13,897 - app - INFO -   - Frames: 4485
2025-11-16 06:40:13,897 - app - INFO -   - Duration: 299.0s
2025-11-16 06:40:13,897 - app - INFO - ✅ Upload successful!
2025-11-16 06:40:13,897 - app - INFO - ================================================================================
2025-11-16 06:40:53,015 - app - INFO - ================================================================================
2025-11-16 06:40:53,015 - app - INFO - MULTI-ZONE ANALYSIS REQUEST
2025-11-16 06:40:53,015 - app - INFO - ================================================================================
2025-11-16 06:40:53,015 - app - INFO - Video ID: vid_1763275213888
2025-11-16 06:40:53,015 - app - INFO - Video path: /tmp/tmpjuvknx2h/HD-SDI 1080P Hi Definition Megapixel Security Camera @ Super Market Checkout Sample #1.mp4
2025-11-16 06:40:53,015 - app - INFO - Request parameters:
2025-11-16 06:40:53,015 - app - INFO -   - Number of zones: 3
2025-11-16 06:40:53,015 - app - INFO -   - Confidence threshold: 0.4
2025-11-16 06:40:53,015 - app - INFO -   - Min wait filter: 1.0s
2025-11-16 06:40:53,015 - app - INFO -   - Sample stride: 40
2025-11-16 06:40:53,015 - app - INFO -   - Zone 1: 'Zone 1' with 9 polygon points
2025-11-16 06:40:53,015 - app - INFO -   - Zone 2: 'Zone 2' with 8 polygon points
2025-11-16 06:40:53,015 - app - INFO -   - Zone 3: 'Zone 3' with 8 polygon points
2025-11-16 06:40:53,023 - app - INFO - Video metadata: fps=15.00, frames=4485, duration=299.0s
2025-11-16 06:40:53,024 - app - INFO - Starting multi-zone analysis on /tmp/tmpjuvknx2h/HD-SDI 1080P Hi Definition Megapixel Security Camera @ Super Market Checkout Sample #1.mp4
2025-11-16 06:40:53,024 - app - INFO - Video metadata: fps=15.00, frames=4485, duration=299.0s
2025-11-16 06:40:53,024 - app - INFO - Analyzing 3 zones: ['Zone 1', 'Zone 2', 'Zone 3']
2025-11-16 06:40:53,024 - app - INFO - Config: conf=0.4, sample_stride=40, min_wait_filter=1.0s
2025-11-16 06:40:53,024 - app - INFO - Prepared 3 polygon zones for analysis
2025-11-16 06:40:53,024 - app - INFO - Starting YOLO tracking...
2025-11-16 06:40:55,031 - app - INFO - Processing frame 150/4485 (3.3%)
2025-11-16 06:40:57,037 - app - INFO - Processing frame 306/4485 (6.8%)
2025-11-16 06:40:59,046 - app - INFO - Processing frame 457/4485 (10.2%)
2025-11-16 06:41:01,052 - app - INFO - Processing frame 614/4485 (13.7%)
2025-11-16 06:41:03,064 - app - INFO - Processing frame 771/4485 (17.2%)
2025-11-16 06:41:05,067 - app - INFO - Processing frame 930/4485 (20.7%)
2025-11-16 06:41:07,073 - app - INFO - Processing frame 1089/4485 (24.3%)
2025-11-16 06:41:09,084 - app - INFO - Processing frame 1246/4485 (27.8%)
2025-11-16 06:41:11,096 - app - INFO - Processing frame 1402/4485 (31.3%)
2025-11-16 06:41:13,100 - app - INFO - Processing frame 1556/4485 (34.7%)
2025-11-16 06:41:15,110 - app - INFO - Processing frame 1713/4485 (38.2%)
2025-11-16 06:41:17,111 - app - INFO - Processing frame 1869/4485 (41.7%)
2025-11-16 06:41:19,112 - app - INFO - Processing frame 2018/4485 (45.0%)
2025-11-16 06:41:21,124 - app - INFO - Processing frame 2167/4485 (48.3%)
2025-11-16 06:41:23,126 - app - INFO - Processing frame 2315/4485 (51.6%)
2025-11-16 06:41:25,138 - app - INFO - Processing frame 2465/4485 (55.0%)
2025-11-16 06:41:27,143 - app - INFO - Processing frame 2620/4485 (58.4%)
2025-11-16 06:41:29,146 - app - INFO - Processing frame 2775/4485 (61.9%)
2025-11-16 06:41:31,148 - app - INFO - Processing frame 2938/4485 (65.5%)
2025-11-16 06:41:33,152 - app - INFO - Processing frame 3102/4485 (69.2%)
2025-11-16 06:41:35,164 - app - INFO - Processing frame 3265/4485 (72.8%)
2025-11-16 06:41:37,175 - app - INFO - Processing frame 3428/4485 (76.4%)
2025-11-16 06:41:39,176 - app - INFO - Processing frame 3579/4485 (79.8%)
2025-11-16 06:41:41,187 - app - INFO - Processing frame 3744/4485 (83.5%)
2025-11-16 06:41:43,190 - app - INFO - Processing frame 3919/4485 (87.4%)
2025-11-16 06:41:45,199 - app - INFO - Processing frame 4093/4485 (91.3%)
2025-11-16 06:41:47,204 - app - INFO - Processing frame 4252/4485 (94.8%)
2025-11-16 06:41:49,207 - app - INFO - Processing frame 4405/4485 (98.2%)
2025-11-16 06:41:50,226 - app - INFO - Finished processing 4485 frames
2025-11-16 06:41:50,226 - app - INFO - Tracked 44 unique people globally
2025-11-16 06:41:50,226 - app - INFO - Global: 31 people with wait time >= 1.0s
2025-11-16 06:41:50,226 - app - INFO - Global wait times - avg: 13.94s, min: 1.07s, max: 66.27s
2025-11-16 06:41:50,227 - app - INFO - Global queue - avg length: 1.46, max: 5
2025-11-16 06:41:50,227 - app - INFO - Zone 'Zone 1': 3 tracked, 2 above threshold
2025-11-16 06:41:50,227 - app - INFO -   Wait times - avg: 2.13s, min: 1.53s, max: 2.73s
2025-11-16 06:41:50,227 - app - INFO -   Queue length - avg: 0.02, max: 1
2025-11-16 06:41:50,227 - app - INFO - Zone 'Zone 2': 12 tracked, 10 above threshold
2025-11-16 06:41:50,227 - app - INFO -   Wait times - avg: 17.13s, min: 2.27s, max: 55.33s
2025-11-16 06:41:50,228 - app - INFO -   Queue length - avg: 0.57, max: 3
2025-11-16 06:41:50,228 - app - INFO - Zone 'Zone 3': 29 tracked, 19 above threshold
2025-11-16 06:41:50,228 - app - INFO -   Wait times - avg: 13.51s, min: 1.07s, max: 66.27s
2025-11-16 06:41:50,228 - app - INFO -   Queue length - avg: 0.87, max: 3
2025-11-16 06:41:50,314 - app - INFO - Generated 100 annotated sample frames
2025-11-16 06:41:50,314 - app - INFO - Multi-zone analysis complete!
2025-11-16 06:41:50,314 - app - INFO - ✅ Analysis complete!
2025-11-16 06:41:50,314 - app - INFO - Generated 100 annotated frames
2025-11-16 06:41:50,314 - app - INFO - Analyzed 3 zones
2025-11-16 06:41:50,314 - app - INFO - Zone 'Zone 1' summary:
2025-11-16 06:41:50,314 - app - INFO -   Avg wait: 2.13s
2025-11-16 06:41:50,314 - app - INFO -   People measured: 2
2025-11-16 06:41:50,314 - app - INFO - Zone 'Zone 2' summary:
2025-11-16 06:41:50,314 - app - INFO -   Avg wait: 17.13s
2025-11-16 06:41:50,314 - app - INFO -   People measured: 10
2025-11-16 06:41:50,314 - app - INFO - Zone 'Zone 3' summary:
2025-11-16 06:41:50,314 - app - INFO -   Avg wait: 13.51s
2025-11-16 06:41:50,314 - app - INFO -   People measured: 19
2025-11-16 06:41:50,315 - app - INFO - ================================================================================
